[ 2025-01-14 11:07:03,964 ] 160 numexpr.utils - INFO - NumExpr defaulting to 8 threads.
[ 2025-01-14 11:07:05,596 ] 18 root - INFO - Entered the start_data_ingestion of the TrainPipeline Class
[ 2025-01-14 11:07:05,596 ] 19 root - INFO - Getting the data from MongoDB
[ 2025-01-14 11:07:05,596 ] 55 root - INFO - Initiating Data Ingestion
[ 2025-01-14 11:07:05,596 ] 23 root - INFO - Exporting data into MongoDb
[ 2025-01-14 11:07:05,929 ] 29 root - INFO - Database connection is successful
[ 2025-01-14 11:07:21,079 ] 26 root - INFO - Shape of the dataset: (25480, 12)
[ 2025-01-14 11:07:21,079 ] 30 root - INFO - Saving exported data into feature store file path: artifact/01_14_2025_11_07_05/data_ingestion/feature_store/usvisa.csv
[ 2025-01-14 11:07:21,176 ] 59 root - INFO - Got the data from MongoDB
[ 2025-01-14 11:07:21,176 ] 37 root - INFO - Entered split_data_as_train_and_test method of the Data Ingestion class
[ 2025-01-14 11:07:21,181 ] 41 root - INFO - Split the data frame successfully
[ 2025-01-14 11:07:21,182 ] 47 root - INFO - Exporting the data frame into train and test data frames
[ 2025-01-14 11:07:21,273 ] 50 root - INFO - Exported the data frame into train and test datasets
[ 2025-01-14 11:07:21,275 ] 63 root - INFO - Executed the train-test split
[ 2025-01-14 11:07:21,275 ] 64 root - INFO - Exited initiate_data_ingestion method of DataIngestion class
[ 2025-01-14 11:07:21,275 ] 71 root - INFO - Data ingestion artifact: DataIngestionArtifact(trained_file_path='artifact/01_14_2025_11_07_05/data_ingestion/ingested/train.csv', test_file_path='artifact/01_14_2025_11_07_05/data_ingestion/ingested/test.csv')
[ 2025-01-14 11:07:21,281 ] 22 root - INFO - Got the train and the test set from MongoDB
[ 2025-01-14 11:07:21,281 ] 23 root - INFO - Excited about the Data Ingestion workflow
[ 2025-01-14 11:07:21,281 ] 29 root - INFO - Entered the start_data_validation of the TrainPipeline Class
[ 2025-01-14 11:07:21,284 ] 101 root - INFO - Started the Data Validation flow
[ 2025-01-14 11:07:21,320 ] 110 root - INFO - Training DataFrame shape: (20384, 12)
[ 2025-01-14 11:07:21,320 ] 111 root - INFO - Testing DataFrame shape: (5096, 12)
[ 2025-01-14 11:07:21,320 ] 28 root - INFO - Is required column present: True
[ 2025-01-14 11:07:21,320 ] 115 root - INFO - All required columns present in training dataframe: True
[ 2025-01-14 11:07:21,320 ] 28 root - INFO - Is required column present: True
[ 2025-01-14 11:07:21,320 ] 120 root - INFO - All required columns present in testing dataframe: True
[ 2025-01-14 11:07:21,321 ] 91 root - INFO - No drift detected in numerical columns.
